# JRE version: Java(TM) SE Runtime Environment (8.0_111-b14) (build 1.8.0_111-b14)
# Java VM: Java HotSpot(TM) 64-Bit Server VM (25.111-b14 mixed mode bsd-amd64 compressed oops)
Heap:
 PSYoungGen      total 257024K, used 63522K [0x0000000795580000, 0x00000007a5d80000, 0x00000007c0000000)
  eden space 245248K, 22% used [0x0000000795580000,0x0000000798b3a900,0x00000007a4500000)
  from space 11776K, 72% used [0x00000007a4500000,0x00000007a4d4e098,0x00000007a5080000)
  to   space 12288K, 0% used [0x00000007a5180000,0x00000007a5180000,0x00000007a5d80000)
 ParOldGen       total 102912K, used 36344K [0x0000000740000000, 0x0000000746480000, 0x0000000795580000)
  object space 102912K, 35% used [0x0000000740000000,0x000000074237e1d0,0x0000000746480000)
 Metaspace       used 84783K, capacity 92788K, committed 92928K, reserved 1130496K
  class space    used 9121K, capacity 11437K, committed 11520K, reserved 1048576K
GC Heap History (10 events):
Event: 43648.314 GC heap before
{Heap before GC invocations=258 (full 100):
 PSYoungGen      total 256512K, used 6289K [0x0000000795580000, 0x00000007a5b80000, 0x00000007c0000000)
  eden space 244736K, 0% used [0x0000000795580000,0x0000000795580000,0x00000007a4480000)
  from space 11776K, 53% used [0x00000007a5000000,0x00000007a5624530,0x00000007a5b80000)
  to   space 11776K, 0% used [0x00000007a4480000,0x00000007a4480000,0x00000007a5000000)
 ParOldGen       total 102912K, used 36281K [0x0000000740000000, 0x0000000746480000, 0x0000000795580000)
  object space 102912K, 35% used [0x0000000740000000,0x000000074236e5d0,0x0000000746480000)
 Metaspace       used 84190K, capacity 92080K, committed 92288K, reserved 1130496K
  class space    used 9072K, capacity 11328K, committed 11392K, reserved 1048576K
Event: 43648.581 GC heap after
Heap after GC invocations=258 (full 100):
 PSYoungGen      total 256512K, used 0K [0x0000000795580000, 0x00000007a5b80000, 0x00000007c0000000)
  eden space 244736K, 0% used [0x0000000795580000,0x0000000795580000,0x00000007a4480000)
  from space 11776K, 0% used [0x00000007a5000000,0x00000007a5000000,0x00000007a5b80000)
  to   space 11776K, 0% used [0x00000007a4480000,0x00000007a4480000,0x00000007a5000000)
 ParOldGen       total 102912K, used 39369K [0x0000000740000000, 0x0000000746480000, 0x0000000795580000)
  object space 102912K, 38% used [0x0000000740000000,0x00000007426725a8,0x0000000746480000)
 Metaspace       used 84187K, capacity 92074K, committed 92288K, reserved 1130496K
  class space    used 9072K, capacity 11326K, committed 11392K, reserved 1048576K
}
Event: 43716.513 GC heap before
{Heap before GC invocations=259 (full 100):
 PSYoungGen      total 256512K, used 244736K [0x0000000795580000, 0x00000007a5b80000, 0x00000007c0000000)
  eden space 244736K, 100% used [0x0000000795580000,0x00000007a4480000,0x00000007a4480000)
  from space 11776K, 0% used [0x00000007a5000000,0x00000007a5000000,0x00000007a5b80000)
  to   space 11776K, 0% used [0x00000007a4480000,0x00000007a4480000,0x00000007a5000000)
 ParOldGen       total 102912K, used 39369K [0x0000000740000000, 0x0000000746480000, 0x0000000795580000)
  object space 102912K, 38% used [0x0000000740000000,0x00000007426725a8,0x0000000746480000)
 Metaspace       used 84459K, capacity 92392K, committed 92544K, reserved 1130496K
  class space    used 9092K, capacity 11367K, committed 11392K, reserved 1048576K
Event: 43716.523 GC heap after
Heap after GC invocations=259 (full 100):
 PSYoungGen      total 256512K, used 8459K [0x0000000795580000, 0x00000007a5c00000, 0x00000007c0000000)
  eden space 244736K, 0% used [0x0000000795580000,0x0000000795580000,0x00000007a4480000)
  from space 11776K, 71% used [0x00000007a4480000,0x00000007a4cc2d28,0x00000007a5000000)
  to   space 11776K, 0% used [0x00000007a5080000,0x00000007a5080000,0x00000007a5c00000)
 ParOldGen       total 102912K, used 39377K [0x0000000740000000, 0x0000000746480000, 0x0000000795580000)
  object space 102912K, 38% used [0x0000000740000000,0x00000007426745a8,0x0000000746480000)
 Metaspace       used 84459K, capacity 92392K, committed 92544K, reserved 1130496K
  class space    used 9092K, capacity 11367K, committed 11392K, reserved 1048576K
}
Event: 43849.457 GC heap before
{Heap before GC invocations=260 (full 100):
 PSYoungGen      total 256512K, used 78106K [0x0000000795580000, 0x00000007a5c00000, 0x00000007c0000000)
  eden space 244736K, 28% used [0x0000000795580000,0x0000000799983b28,0x00000007a4480000)
  from space 11776K, 71% used [0x00000007a4480000,0x00000007a4cc2d28,0x00000007a5000000)
  to   space 11776K, 0% used [0x00000007a5080000,0x00000007a5080000,0x00000007a5c00000)
 ParOldGen       total 102912K, used 39377K [0x0000000740000000, 0x0000000746480000, 0x0000000795580000)
  object space 102912K, 38% used [0x0000000740000000,0x00000007426745a8,0x0000000746480000)
 Metaspace       used 84464K, capacity 92398K, committed 92544K, reserved 1130496K
  class space    used 9093K, capacity 11369K, committed 11392K, reserved 1048576K
Event: 43849.463 GC heap after
Heap after GC invocations=260 (full 100):
 PSYoungGen      total 257024K, used 3283K [0x0000000795580000, 0x00000007a5c00000, 0x00000007c0000000)
  eden space 245248K, 0% used [0x0000000795580000,0x0000000795580000,0x00000007a4500000)
  from space 11776K, 27% used [0x00000007a5080000,0x00000007a53b4de8,0x00000007a5c00000)
  to   space 11776K, 0% used [0x00000007a4500000,0x00000007a4500000,0x00000007a5080000)
 ParOldGen       total 102912K, used 39377K [0x0000000740000000, 0x0000000746480000, 0x0000000795580000)
  object space 102912K, 38% used [0x0000000740000000,0x00000007426745a8,0x0000000746480000)
 Metaspace       used 84464K, capacity 92398K, committed 92544K, reserved 1130496K
  class space    used 9093K, capacity 11369K, committed 11392K, reserved 1048576K
}
Event: 43849.463 GC heap before
{Heap before GC invocations=261 (full 101):
 PSYoungGen      total 257024K, used 3283K [0x0000000795580000, 0x00000007a5c00000, 0x00000007c0000000)
  eden space 245248K, 0% used [0x0000000795580000,0x0000000795580000,0x00000007a4500000)
  from space 11776K, 27% used [0x00000007a5080000,0x00000007a53b4de8,0x00000007a5c00000)
  to   space 11776K, 0% used [0x00000007a4500000,0x00000007a4500000,0x00000007a5080000)
 ParOldGen       total 102912K, used 39377K [0x0000000740000000, 0x0000000746480000, 0x0000000795580000)
  object space 102912K, 38% used [0x0000000740000000,0x00000007426745a8,0x0000000746480000)
 Metaspace       used 84464K, capacity 92398K, committed 92544K, reserved 1130496K
  class space    used 9093K, capacity 11369K, committed 11392K, reserved 1048576K
Event: 43849.611 GC heap after
Heap after GC invocations=261 (full 101):
 PSYoungGen      total 257024K, used 0K [0x0000000795580000, 0x00000007a5c00000, 0x00000007c0000000)
  eden space 245248K, 0% used [0x0000000795580000,0x0000000795580000,0x00000007a4500000)
  from space 11776K, 0% used [0x00000007a5080000,0x00000007a5080000,0x00000007a5c00000)
  to   space 11776K, 0% used [0x00000007a4500000,0x00000007a4500000,0x00000007a5080000)
 ParOldGen       total 102912K, used 36336K [0x0000000740000000, 0x0000000746480000, 0x0000000795580000)
  object space 102912K, 35% used [0x0000000740000000,0x000000074237c1d0,0x0000000746480000)
 Metaspace       used 84450K, capacity 92374K, committed 92544K, reserved 1130496K
  class space    used 9090K, capacity 11364K, committed 11392K, reserved 1048576K
}
Event: 43910.353 GC heap before
{Heap before GC invocations=262 (full 101):
 PSYoungGen      total 257024K, used 245248K [0x0000000795580000, 0x00000007a5c00000, 0x00000007c0000000)
  eden space 245248K, 100% used [0x0000000795580000,0x00000007a4500000,0x00000007a4500000)
  from space 11776K, 0% used [0x00000007a5080000,0x00000007a5080000,0x00000007a5c00000)
  to   space 11776K, 0% used [0x00000007a4500000,0x00000007a4500000,0x00000007a5080000)
 ParOldGen       total 102912K, used 36336K [0x0000000740000000, 0x0000000746480000, 0x0000000795580000)
  object space 102912K, 35% used [0x0000000740000000,0x000000074237c1d0,0x0000000746480000)
 Metaspace       used 84783K, capacity 92788K, committed 92928K, reserved 1130496K
  class space    used 9121K, capacity 11437K, committed 11520K, reserved 1048576K
Event: 43910.361 GC heap after
Heap after GC invocations=262 (full 101):
 PSYoungGen      total 257024K, used 8504K [0x0000000795580000, 0x00000007a5d80000, 0x00000007c0000000)
  eden space 245248K, 0% used [0x0000000795580000,0x0000000795580000,0x00000007a4500000)
  from space 11776K, 72% used [0x00000007a4500000,0x00000007a4d4e098,0x00000007a5080000)
  to   space 12288K, 0% used [0x00000007a5180000,0x00000007a5180000,0x00000007a5d80000)
 ParOldGen       total 102912K, used 36344K [0x0000000740000000, 0x0000000746480000, 0x0000000795580000)
  object space 102912K, 35% used [0x0000000740000000,0x000000074237e1d0,0x0000000746480000)
 Metaspace       used 84783K, capacity 92788K, committed 92928K, reserved 1130496K
  class space    used 9121K, capacity 11437K, committed 11520K, reserved 1048576K
}

